<?xml version="1.0" encoding="UTF-8"?>
<!-- Generated by org.testng.reporters.JUnitReportReporter -->
<testsuite hostname="DESKTOP-EGNOTB4" failures="0" tests="1" name="practice_mvn.Pratice_Class" time="2.702" errors="0" timestamp="2023-09-10T22:38:55 IST" skipped="0">
  <testcase classname="practice_mvn.Pratice_Class" name="openWebsite" time="2.702"/>
  <system-out/>
</testsuite> <!-- practice_mvn.Pratice_Class -->
